  Car Racing Game.cpp
e:\c++ game projects\car racing game\car racing game\car racing game.cpp(28): warning C4244: 'initializing': conversion from 'int' to 'float', possible loss of data
e:\c++ game projects\car racing game\car racing game\car racing game.cpp(29): warning C4244: 'initializing': conversion from 'int' to 'float', possible loss of data
e:\c++ game projects\car racing game\car racing game\car racing game.cpp(31): warning C4244: '+=': conversion from 'double' to 'float', possible loss of data
e:\c++ game projects\car racing game\car racing game\car racing game.cpp(31): warning C4244: '-=': conversion from 'double' to 'float', possible loss of data
e:\c++ game projects\car racing game\car racing game\car racing game.cpp(58): warning C4244: '=': conversion from 'int' to 'float', possible loss of data
e:\c++ game projects\car racing game\car racing game\car racing game.cpp(59): warning C4244: '=': conversion from 'int' to 'float', possible loss of data
e:\c++ game projects\car racing game\car racing game\car racing game.cpp(60): warning C4244: '=': conversion from 'int' to 'float', possible loss of data
e:\c++ game projects\car racing game\car racing game\car racing game.cpp(65): warning C4305: 'initializing': truncation from 'double' to 'float'
e:\c++ game projects\car racing game\car racing game\car racing game.cpp(66): warning C4305: 'initializing': truncation from 'double' to 'float'
e:\c++ game projects\car racing game\car racing game\car racing game.cpp(115): warning C4244: '+=': conversion from 'double' to 'float', possible loss of data
e:\c++ game projects\car racing game\car racing game\car racing game.cpp(116): warning C4244: '+=': conversion from 'double' to 'float', possible loss of data
e:\c++ game projects\car racing game\car racing game\car racing game.cpp(117): warning C4244: '-=': conversion from 'double' to 'float', possible loss of data
e:\c++ game projects\car racing game\car racing game\car racing game.cpp(118): warning C4244: '-=': conversion from 'double' to 'float', possible loss of data
e:\c++ game projects\car racing game\car racing game\car racing game.cpp(119): warning C4244: '=': conversion from 'float' to 'int', possible loss of data
e:\c++ game projects\car racing game\car racing game\car racing game.cpp(120): warning C4244: '=': conversion from 'float' to 'int', possible loss of data
e:\c++ game projects\car racing game\car racing game\car racing game.cpp(128): warning C4244: '=': conversion from 'float' to 'int', possible loss of data
e:\c++ game projects\car racing game\car racing game\car racing game.cpp(129): warning C4244: '=': conversion from 'float' to 'int', possible loss of data
e:\c++ game projects\car racing game\car racing game\car racing game.cpp(131): warning C4244: 'argument': conversion from 'int' to 'float', possible loss of data
e:\c++ game projects\car racing game\car racing game\car racing game.cpp(139): warning C4244: 'argument': conversion from 'double' to 'float', possible loss of data
  Car Racing Game.vcxproj -> E:\C++ game Projects\Car Racing Game\Debug\Car Racing Game.exe
